Arguments: 
  C:\Program Files\nodejs\node.exe C:\Users\Ryansdee\AppData\Roaming\npm\node_modules\yarn\bin\yarn.js add react-native-vector-icons

PATH: 
  C:\Program Files (x86)\Common Files\Oracle\Java\java8path;C:\Program Files (x86)\Common Files\Oracle\Java\javapath;C:\Program Files (x86)\VMware\VMware Workstation\bin\;C:\Windows\system32;C:\Windows;C:\Windows\System32\Wbem;C:\Windows\System32\WindowsPowerShell\v1.0\;C:\Windows\System32\OpenSSH\;C:\Program Files\NVIDIA Corporation\NVIDIA NvDLISR;C:\Program Files (x86)\NVIDIA Corporation\PhysX\Common;C:\WINDOWS\system32;C:\WINDOWS;C:\WINDOWS\System32\Wbem;C:\WINDOWS\System32\WindowsPowerShell\v1.0\;C:\WINDOWS\System32\OpenSSH\;C:\Program Files\dotnet\;C:\Program Files\Fortect;C:\Program Files\nodejs\;C:\Program Files (x86)\Windows Kits\10\Windows Performance Toolkit\;C:\Program Files (x86)\AOMEI\AOMEI Backupper\7.3.3;C:\wamp64\bin\php\php8.3.0;C:\ProgramData\ComposerSetup\bin;C:\Program Files\Git\cmd;C:\Users\Ryansdee\.cargo\bin;C:\Users\Ryansdee\AppData\Local\Microsoft\WindowsApps;;C:\Users\Ryansdee\AppData\Local\Programs\Microsoft VS Code\bin;C:\Users\Ryansdee\.dotnet\tools;C:\Users\Ryansdee\AppData\Roaming\npm;C:\Users\Ryansdee\AppData\Roaming\Composer\vendor\bin;C:\Program Files (x86)\Nmap;C:\Users\Ryansdee\.fly\bin

Yarn version: 
  1.22.19

Node version: 
  20.3.1

Platform: 
  win32 x64

Trace: 
  Error: EPERM: operation not permitted, unlink 'F:\RunIt\node_modules\lightningcss-win32-x64-msvc\lightningcss.win32-x64-msvc.node'

npm manifest: 
  {
    "name": "runit",
    "main": "expo-router/entry",
    "version": "1.0.0",
    "scripts": {
      "start": "expo start",
      "reset-project": "node ./scripts/reset-project.js",
      "android": "expo start --android",
      "ios": "expo start --ios",
      "web": "expo start --web",
      "test": "jest --watchAll",
      "lint": "expo lint"
    },
    "jest": {
      "preset": "jest-expo"
    },
    "dependencies": {
      "@expo/vector-icons": "^14.0.2",
      "@react-navigation/native": "^6.0.2",
      "classnames": "^2.5.1",
      "css-loader": "^7.1.2",
      "expo": "~51.0.26",
      "expo-constants": "~16.0.2",
      "expo-font": "~12.0.9",
      "expo-linking": "~6.3.1",
      "expo-router": "~3.5.21",
      "expo-splash-screen": "~0.27.5",
      "expo-status-bar": "~1.12.1",
      "expo-system-ui": "~3.0.7",
      "expo-web-browser": "~13.0.3",
      "nativewind": "^2.0.11",
      "react": "18.2.0",
      "react-dom": "18.2.0",
      "react-native": "0.74.5",
      "react-native-gesture-handler": "~2.16.1",
      "react-native-reanimated": "~3.10.1",
      "react-native-safe-area-context": "4.10.5",
      "react-native-screens": "3.31.1",
      "react-native-svg": "^15.5.0",
      "react-native-vector-icons": "^10.1.0",
      "react-native-web": "^0.19.12",
      "style-loader": "^4.0.0"
    },
    "devDependencies": {
      "@babel/core": "^7.20.0",
      "@types/jest": "^29.5.12",
      "@types/react": "~18.2.45",
      "@types/react-native-web": "^0.0.0",
      "@types/react-test-renderer": "^18.0.7",
      "jest": "^29.2.1",
      "jest-expo": "~51.0.3",
      "react-test-renderer": "18.2.0",
      "tailwindcss": "^3.3.2",
      "typescript": "~5.3.3"
    },
    "private": true
  }

yarn manifest: 
  No manifest

Lockfile: 
  No lockfile
